  game.cpp
D:\operationM.A.D\operationM.A.D\systems.h(35,57): warning C4244: 'argument': conversion from 'int' to 'T', possible loss of data
          with
          [
              T=float
          ]
D:\operationM.A.D\operationM.A.D\systems.h(37,67): warning C4244: 'argument': conversion from 'int' to 'T', possible loss of data
          with
          [
              T=float
          ]
D:\operationM.A.D\operationM.A.D\systems.h(37,52): warning C4244: 'argument': conversion from 'int' to 'T', possible loss of data
          with
          [
              T=float
          ]
D:\operationM.A.D\operationM.A.D\systems.h(39,51): warning C4244: 'argument': conversion from 'int' to 'T', possible loss of data
          with
          [
              T=float
          ]
D:\operationM.A.D\operationM.A.D\systems.h(71,39): warning C4244: '=': conversion from 'float' to 'T', possible loss of data
          with
          [
              T=int
          ]
D:\operationM.A.D\operationM.A.D\systems.h(72,40): warning C4244: '=': conversion from 'float' to 'T', possible loss of data
          with
          [
              T=int
          ]
D:\operationM.A.D\operationM.A.D\systems.h(91,38): warning C4244: '=': conversion from 'float' to 'T', possible loss of data
          with
          [
              T=int
          ]
D:\operationM.A.D\operationM.A.D\systems.h(92,37): warning C4244: '=': conversion from 'float' to 'T', possible loss of data
          with
          [
              T=int
          ]
D:\operationM.A.D\operationM.A.D\components.h(39,22): warning C4244: 'argument': conversion from 'int' to 'float', possible loss of data
D:\operationM.A.D\operationM.A.D\components.h(39,19): warning C4244: 'argument': conversion from 'int' to 'float', possible loss of data
D:\operationM.A.D\operationM.A.D\Entities.h(249,16): warning C4305: 'argument': truncation from 'double' to 'float'
D:\operationM.A.D\operationM.A.D\Entities.h(283,49): warning C4305: 'argument': truncation from 'double' to 'T'
          with
          [
              T=float
          ]
D:\operationM.A.D\operationM.A.D\Entities.h(283,44): warning C4305: 'argument': truncation from 'double' to 'T'
          with
          [
              T=float
          ]
D:\operationM.A.D\operationM.A.D\Entities.h(294,49): warning C4305: 'argument': truncation from 'double' to 'T'
          with
          [
              T=float
          ]
D:\operationM.A.D\operationM.A.D\Entities.h(294,43): warning C4305: 'argument': truncation from 'double' to 'T'
          with
          [
              T=float
          ]
D:\operationM.A.D\operationM.A.D\Entities.h(311,51): warning C4305: 'argument': truncation from 'double' to 'T'
          with
          [
              T=float
          ]
D:\operationM.A.D\operationM.A.D\Entities.h(311,44): warning C4305: 'argument': truncation from 'double' to 'T'
          with
          [
              T=float
          ]
D:\operationM.A.D\operationM.A.D\Entities.h(323,50): warning C4305: 'argument': truncation from 'double' to 'T'
          with
          [
              T=float
          ]
D:\operationM.A.D\operationM.A.D\Entities.h(323,43): warning C4305: 'argument': truncation from 'double' to 'T'
          with
          [
              T=float
          ]
D:\operationM.A.D\operationM.A.D\game.h(236,67): warning C4244: 'argument': conversion from 'int' to 'T', possible loss of data
          with
          [
              T=float
          ]
D:\operationM.A.D\operationM.A.D\game.h(248,55): warning C4244: 'argument': conversion from 'T' to 'float', possible loss of data
          with
          [
              T=unsigned int
          ]
D:\operationM.A.D\operationM.A.D\game.h(248,34): warning C4244: 'argument': conversion from 'T' to 'float', possible loss of data
          with
          [
              T=unsigned int
          ]
D:\operationM.A.D\operationM.A.D\game.h(249,60): warning C4244: 'argument': conversion from 'T' to 'float', possible loss of data
          with
          [
              T=unsigned int
          ]
D:\operationM.A.D\operationM.A.D\game.h(249,39): warning C4244: 'argument': conversion from 'T' to 'float', possible loss of data
          with
          [
              T=unsigned int
          ]
D:\operationM.A.D\operationM.A.D\game.h(250,61): warning C4244: 'argument': conversion from 'T' to 'float', possible loss of data
          with
          [
              T=unsigned int
          ]
D:\operationM.A.D\operationM.A.D\game.h(250,40): warning C4244: 'argument': conversion from 'T' to 'float', possible loss of data
          with
          [
              T=unsigned int
          ]
D:\operationM.A.D\operationM.A.D\game.h(259,46): warning C4244: 'argument': conversion from 'int' to 'T', possible loss of data
          with
          [
              T=float
          ]
D:\operationM.A.D\operationM.A.D\game.h(520,55): warning C4305: 'argument': truncation from 'double' to 'T'
          with
          [
              T=float
          ]
D:\operationM.A.D\operationM.A.D\game.h(520,48): warning C4305: 'argument': truncation from 'double' to 'T'
          with
          [
              T=float
          ]
D:\operationM.A.D\operationM.A.D\game.h(527,56): warning C4305: 'argument': truncation from 'double' to 'T'
          with
          [
              T=float
          ]
D:\operationM.A.D\operationM.A.D\game.h(527,49): warning C4305: 'argument': truncation from 'double' to 'T'
          with
          [
              T=float
          ]
D:\operationM.A.D\operationM.A.D\game.h(534,54): warning C4305: 'argument': truncation from 'double' to 'T'
          with
          [
              T=float
          ]
D:\operationM.A.D\operationM.A.D\game.h(534,48): warning C4305: 'argument': truncation from 'double' to 'T'
          with
          [
              T=float
          ]
D:\operationM.A.D\operationM.A.D\game.h(541,55): warning C4305: 'argument': truncation from 'double' to 'T'
          with
          [
              T=float
          ]
D:\operationM.A.D\operationM.A.D\game.h(541,49): warning C4305: 'argument': truncation from 'double' to 'T'
          with
          [
              T=float
          ]
D:\operationM.A.D\operationM.A.D\game.h(627,53): warning C4305: 'argument': truncation from 'double' to 'T'
          with
          [
              T=float
          ]
D:\operationM.A.D\operationM.A.D\game.h(627,47): warning C4305: 'argument': truncation from 'double' to 'T'
          with
          [
              T=float
          ]
D:\operationM.A.D\operationM.A.D\game.h(645,54): warning C4305: 'argument': truncation from 'double' to 'T'
          with
          [
              T=float
          ]
D:\operationM.A.D\operationM.A.D\game.h(645,48): warning C4305: 'argument': truncation from 'double' to 'T'
          with
          [
              T=float
          ]
D:\operationM.A.D\operationM.A.D\game.h(670,54): warning C4305: 'argument': truncation from 'double' to 'T'
          with
          [
              T=float
          ]
D:\operationM.A.D\operationM.A.D\game.h(670,47): warning C4305: 'argument': truncation from 'double' to 'T'
          with
          [
              T=float
          ]
D:\operationM.A.D\operationM.A.D\game.h(686,55): warning C4305: 'argument': truncation from 'double' to 'T'
          with
          [
              T=float
          ]
D:\operationM.A.D\operationM.A.D\game.h(686,48): warning C4305: 'argument': truncation from 'double' to 'T'
          with
          [
              T=float
          ]
  Generating code
  0 of 378 functions ( 0.0%) were compiled, the rest were copied from previous compilation.
    0 functions were new in current compilation
    0 functions had inline decision re-evaluated but remain unchanged
  Finished generating code
  operationM.A.D.vcxproj -> D:\operationM.A.D\x64\Release\operationM.A.D.exe
